# JRE version: OpenJDK Runtime Environment (8.0_242-b01) (build 1.8.0_242-release-1644-b01)
# Java VM: OpenJDK 64-Bit Server VM (25.242-b01 mixed mode windows-amd64 compressed oops)
Heap:
 PSYoungGen      total 15360K, used 12086K [0x00000000d5580000, 0x00000000d6800000, 0x0000000100000000)
  eden space 12800K, 81% used [0x00000000d5580000,0x00000000d5fb6b50,0x00000000d6200000)
  from space 2560K, 63% used [0x00000000d6580000,0x00000000d6716cd0,0x00000000d6800000)
  to   space 3072K, 0% used [0x00000000d6200000,0x00000000d6200000,0x00000000d6500000)
 ParOldGen       total 27136K, used 18654K [0x0000000080000000, 0x0000000081a80000, 0x00000000d5580000)
  object space 27136K, 68% used [0x0000000080000000,0x0000000081237b78,0x0000000081a80000)
 Metaspace       used 45362K, capacity 47052K, committed 47192K, reserved 1089536K
  class space    used 6125K, capacity 6474K, committed 6528K, reserved 1048576K
GC Heap History (10 events):
Event: 241.588 GC heap before
{Heap before GC invocations=50 (full 2):
 PSYoungGen      total 15872K, used 14624K [0x00000000d5580000, 0x00000000d6900000, 0x0000000100000000)
  eden space 12800K, 100% used [0x00000000d5580000,0x00000000d6200000,0x00000000d6200000)
  from space 3072K, 59% used [0x00000000d6280000,0x00000000d6448010,0x00000000d6580000)
  to   space 3584K, 0% used [0x00000000d6580000,0x00000000d6580000,0x00000000d6900000)
 ParOldGen       total 27136K, used 15399K [0x0000000080000000, 0x0000000081a80000, 0x00000000d5580000)
  object space 27136K, 56% used [0x0000000080000000,0x0000000080f09c78,0x0000000081a80000)
 Metaspace       used 37565K, capacity 39188K, committed 39256K, reserved 1083392K
  class space    used 5173K, capacity 5500K, committed 5504K, reserved 1048576K
Event: 241.602 GC heap after
Heap after GC invocations=50 (full 2):
 PSYoungGen      total 15360K, used 1336K [0x00000000d5580000, 0x00000000d6800000, 0x0000000100000000)
  eden space 12800K, 0% used [0x00000000d5580000,0x00000000d5580000,0x00000000d6200000)
  from space 2560K, 52% used [0x00000000d6580000,0x00000000d66ce100,0x00000000d6800000)
  to   space 3072K, 0% used [0x00000000d6200000,0x00000000d6200000,0x00000000d6500000)
 ParOldGen       total 27136K, used 16755K [0x0000000080000000, 0x0000000081a80000, 0x00000000d5580000)
  object space 27136K, 61% used [0x0000000080000000,0x000000008105ccb8,0x0000000081a80000)
 Metaspace       used 37565K, capacity 39188K, committed 39256K, reserved 1083392K
  class space    used 5173K, capacity 5500K, committed 5504K, reserved 1048576K
}
Event: 272.785 GC heap before
{Heap before GC invocations=51 (full 2):
 PSYoungGen      total 15360K, used 14136K [0x00000000d5580000, 0x00000000d6800000, 0x0000000100000000)
  eden space 12800K, 100% used [0x00000000d5580000,0x00000000d6200000,0x00000000d6200000)
  from space 2560K, 52% used [0x00000000d6580000,0x00000000d66ce100,0x00000000d6800000)
  to   space 3072K, 0% used [0x00000000d6200000,0x00000000d6200000,0x00000000d6500000)
 ParOldGen       total 27136K, used 16755K [0x0000000080000000, 0x0000000081a80000, 0x00000000d5580000)
  object space 27136K, 61% used [0x0000000080000000,0x000000008105ccb8,0x0000000081a80000)
 Metaspace       used 38950K, capacity 40604K, committed 40792K, reserved 1085440K
  class space    used 5362K, capacity 5728K, committed 5760K, reserved 1048576K
Event: 273.199 GC heap after
Heap after GC invocations=51 (full 2):
 PSYoungGen      total 15872K, used 2513K [0x00000000d5580000, 0x00000000d6900000, 0x0000000100000000)
  eden space 12800K, 0% used [0x00000000d5580000,0x00000000d5580000,0x00000000d6200000)
  from space 3072K, 81% used [0x00000000d6200000,0x00000000d6474450,0x00000000d6500000)
  to   space 3584K, 0% used [0x00000000d6580000,0x00000000d6580000,0x00000000d6900000)
 ParOldGen       total 27136K, used 16755K [0x0000000080000000, 0x0000000081a80000, 0x00000000d5580000)
  object space 27136K, 61% used [0x0000000080000000,0x000000008105ccb8,0x0000000081a80000)
 Metaspace       used 38950K, capacity 40604K, committed 40792K, reserved 1085440K
  class space    used 5362K, capacity 5728K, committed 5760K, reserved 1048576K
}
Event: 313.118 GC heap before
{Heap before GC invocations=52 (full 2):
 PSYoungGen      total 15872K, used 15313K [0x00000000d5580000, 0x00000000d6900000, 0x0000000100000000)
  eden space 12800K, 100% used [0x00000000d5580000,0x00000000d6200000,0x00000000d6200000)
  from space 3072K, 81% used [0x00000000d6200000,0x00000000d6474450,0x00000000d6500000)
  to   space 3584K, 0% used [0x00000000d6580000,0x00000000d6580000,0x00000000d6900000)
 ParOldGen       total 27136K, used 16755K [0x0000000080000000, 0x0000000081a80000, 0x00000000d5580000)
  object space 27136K, 61% used [0x0000000080000000,0x000000008105ccb8,0x0000000081a80000)
 Metaspace       used 40406K, capacity 42132K, committed 42328K, reserved 1085440K
  class space    used 5558K, capacity 5934K, committed 6016K, reserved 1048576K
Event: 313.151 GC heap after
Heap after GC invocations=52 (full 2):
 PSYoungGen      total 16384K, used 1410K [0x00000000d5580000, 0x00000000d6900000, 0x0000000100000000)
  eden space 12800K, 0% used [0x00000000d5580000,0x00000000d5580000,0x00000000d6200000)
  from space 3584K, 39% used [0x00000000d6580000,0x00000000d66e08e0,0x00000000d6900000)
  to   space 3584K, 0% used [0x00000000d6200000,0x00000000d6200000,0x00000000d6580000)
 ParOldGen       total 27136K, used 17846K [0x0000000080000000, 0x0000000081a80000, 0x00000000d5580000)
  object space 27136K, 65% used [0x0000000080000000,0x000000008116db58,0x0000000081a80000)
 Metaspace       used 40406K, capacity 42132K, committed 42328K, reserved 1085440K
  class space    used 5558K, capacity 5934K, committed 6016K, reserved 1048576K
}
Event: 381.735 GC heap before
{Heap before GC invocations=53 (full 2):
 PSYoungGen      total 16384K, used 14207K [0x00000000d5580000, 0x00000000d6900000, 0x0000000100000000)
  eden space 12800K, 99% used [0x00000000d5580000,0x00000000d61ff478,0x00000000d6200000)
  from space 3584K, 39% used [0x00000000d6580000,0x00000000d66e08e0,0x00000000d6900000)
  to   space 3584K, 0% used [0x00000000d6200000,0x00000000d6200000,0x00000000d6580000)
 ParOldGen       total 27136K, used 17846K [0x0000000080000000, 0x0000000081a80000, 0x00000000d5580000)
  object space 27136K, 65% used [0x0000000080000000,0x000000008116db58,0x0000000081a80000)
 Metaspace       used 42620K, capacity 44298K, committed 44632K, reserved 1087488K
  class space    used 5810K, capacity 6167K, committed 6272K, reserved 1048576K
Event: 381.979 GC heap after
Heap after GC invocations=53 (full 2):
 PSYoungGen      total 16384K, used 1783K [0x00000000d5580000, 0x00000000d6900000, 0x0000000100000000)
  eden space 12800K, 0% used [0x00000000d5580000,0x00000000d5580000,0x00000000d6200000)
  from space 3584K, 49% used [0x00000000d6200000,0x00000000d63bdc50,0x00000000d6580000)
  to   space 3584K, 0% used [0x00000000d6580000,0x00000000d6580000,0x00000000d6900000)
 ParOldGen       total 27136K, used 18150K [0x0000000080000000, 0x0000000081a80000, 0x00000000d5580000)
  object space 27136K, 66% used [0x0000000080000000,0x00000000811b9b68,0x0000000081a80000)
 Metaspace       used 42620K, capacity 44298K, committed 44632K, reserved 1087488K
  class space    used 5810K, capacity 6167K, committed 6272K, reserved 1048576K
}
Event: 427.970 GC heap before
{Heap before GC invocations=54 (full 2):
 PSYoungGen      total 16384K, used 14583K [0x00000000d5580000, 0x00000000d6900000, 0x0000000100000000)
  eden space 12800K, 100% used [0x00000000d5580000,0x00000000d6200000,0x00000000d6200000)
  from space 3584K, 49% used [0x00000000d6200000,0x00000000d63bdc50,0x00000000d6580000)
  to   space 3584K, 0% used [0x00000000d6580000,0x00000000d6580000,0x00000000d6900000)
 ParOldGen       total 27136K, used 18150K [0x0000000080000000, 0x0000000081a80000, 0x00000000d5580000)
  object space 27136K, 66% used [0x0000000080000000,0x00000000811b9b68,0x0000000081a80000)
 Metaspace       used 44139K, capacity 45942K, committed 46296K, reserved 1089536K
  class space    used 5960K, capacity 6341K, committed 6400K, reserved 1048576K
Event: 428.285 GC heap after
Heap after GC invocations=54 (full 2):
 PSYoungGen      total 15360K, used 1627K [0x00000000d5580000, 0x00000000d6800000, 0x0000000100000000)
  eden space 12800K, 0% used [0x00000000d5580000,0x00000000d5580000,0x00000000d6200000)
  from space 2560K, 63% used [0x00000000d6580000,0x00000000d6716cd0,0x00000000d6800000)
  to   space 3072K, 0% used [0x00000000d6200000,0x00000000d6200000,0x00000000d6500000)
 ParOldGen       total 27136K, used 18654K [0x0000000080000000, 0x0000000081a80000, 0x00000000d5580000)
  object space 27136K, 68% used [0x0000000080000000,0x0000000081237b78,0x0000000081a80000)
 Metaspace       used 44139K, capacity 45942K, committed 46296K, reserved 1089536K
  class space    used 5960K, capacity 6341K, committed 6400K, reserved 1048576K
}

