# JRE version: OpenJDK Runtime Environment (8.0_242-b01) (build 1.8.0_242-release-1644-b01)
# Java VM: OpenJDK 64-Bit Server VM (25.242-b01 mixed mode windows-amd64 compressed oops)
Heap:
 PSYoungGen      total 15360K, used 6128K [0x00000000d5580000, 0x00000000d6700000, 0x0000000100000000)
  eden space 12800K, 47% used [0x00000000d5580000,0x00000000d5b7c200,0x00000000d6200000)
  from space 2560K, 0% used [0x00000000d6200000,0x00000000d6200000,0x00000000d6480000)
  to   space 2560K, 0% used [0x00000000d6480000,0x00000000d6480000,0x00000000d6700000)
 ParOldGen       total 32256K, used 13779K [0x0000000080000000, 0x0000000081f80000, 0x00000000d5580000)
  object space 32256K, 42% used [0x0000000080000000,0x0000000080d74cb8,0x0000000081f80000)
 Metaspace       used 34528K, capacity 35688K, committed 36056K, reserved 1081344K
  class space    used 4741K, capacity 5007K, committed 5120K, reserved 1048576K
GC Heap History (10 events):
Event: 378.609 GC heap before
{Heap before GC invocations=37 (full 1):
 PSYoungGen      total 13824K, used 11829K [0x00000000d5580000, 0x00000000d6880000, 0x0000000100000000)
  eden space 10752K, 100% used [0x00000000d5580000,0x00000000d6000000,0x00000000d6000000)
  from space 3072K, 35% used [0x00000000d6000000,0x00000000d610d7b8,0x00000000d6300000)
  to   space 3072K, 0% used [0x00000000d6580000,0x00000000d6580000,0x00000000d6880000)
 ParOldGen       total 16896K, used 11496K [0x0000000080000000, 0x0000000081080000, 0x00000000d5580000)
  object space 16896K, 68% used [0x0000000080000000,0x0000000080b3a210,0x0000000081080000)
 Metaspace       used 32724K, capacity 33782K, committed 33920K, reserved 1079296K
  class space    used 4447K, capacity 4723K, committed 4736K, reserved 1048576K
Event: 378.693 GC heap after
Heap after GC invocations=37 (full 1):
 PSYoungGen      total 15360K, used 1283K [0x00000000d5580000, 0x00000000d6800000, 0x0000000100000000)
  eden space 12800K, 0% used [0x00000000d5580000,0x00000000d5580000,0x00000000d6200000)
  from space 2560K, 50% used [0x00000000d6580000,0x00000000d66c0e00,0x00000000d6800000)
  to   space 3072K, 0% used [0x00000000d6200000,0x00000000d6200000,0x00000000d6500000)
 ParOldGen       total 16896K, used 11832K [0x0000000080000000, 0x0000000081080000, 0x00000000d5580000)
  object space 16896K, 70% used [0x0000000080000000,0x0000000080b8e220,0x0000000081080000)
 Metaspace       used 32724K, capacity 33782K, committed 33920K, reserved 1079296K
  class space    used 4447K, capacity 4723K, committed 4736K, reserved 1048576K
}
Event: 389.215 GC heap before
{Heap before GC invocations=38 (full 1):
 PSYoungGen      total 15360K, used 14083K [0x00000000d5580000, 0x00000000d6800000, 0x0000000100000000)
  eden space 12800K, 100% used [0x00000000d5580000,0x00000000d6200000,0x00000000d6200000)
  from space 2560K, 50% used [0x00000000d6580000,0x00000000d66c0e00,0x00000000d6800000)
  to   space 3072K, 0% used [0x00000000d6200000,0x00000000d6200000,0x00000000d6500000)
 ParOldGen       total 16896K, used 11832K [0x0000000080000000, 0x0000000081080000, 0x00000000d5580000)
  object space 16896K, 70% used [0x0000000080000000,0x0000000080b8e220,0x0000000081080000)
 Metaspace       used 32984K, capacity 34030K, committed 34304K, reserved 1079296K
  class space    used 4494K, capacity 4762K, committed 4864K, reserved 1048576K
Event: 389.229 GC heap after
Heap after GC invocations=38 (full 1):
 PSYoungGen      total 15872K, used 803K [0x00000000d5580000, 0x00000000d6800000, 0x0000000100000000)
  eden space 12800K, 0% used [0x00000000d5580000,0x00000000d5580000,0x00000000d6200000)
  from space 3072K, 26% used [0x00000000d6200000,0x00000000d62c8d70,0x00000000d6500000)
  to   space 3072K, 0% used [0x00000000d6500000,0x00000000d6500000,0x00000000d6800000)
 ParOldGen       total 16896K, used 12596K [0x0000000080000000, 0x0000000081080000, 0x00000000d5580000)
  object space 16896K, 74% used [0x0000000080000000,0x0000000080c4d230,0x0000000081080000)
 Metaspace       used 32984K, capacity 34030K, committed 34304K, reserved 1079296K
  class space    used 4494K, capacity 4762K, committed 4864K, reserved 1048576K
}
Event: 406.009 GC heap before
{Heap before GC invocations=39 (full 1):
 PSYoungGen      total 15872K, used 13603K [0x00000000d5580000, 0x00000000d6800000, 0x0000000100000000)
  eden space 12800K, 100% used [0x00000000d5580000,0x00000000d6200000,0x00000000d6200000)
  from space 3072K, 26% used [0x00000000d6200000,0x00000000d62c8d70,0x00000000d6500000)
  to   space 3072K, 0% used [0x00000000d6500000,0x00000000d6500000,0x00000000d6800000)
 ParOldGen       total 16896K, used 12596K [0x0000000080000000, 0x0000000081080000, 0x00000000d5580000)
  object space 16896K, 74% used [0x0000000080000000,0x0000000080c4d230,0x0000000081080000)
 Metaspace       used 33730K, capacity 34792K, committed 34944K, reserved 1079296K
  class space    used 4612K, capacity 4865K, committed 4992K, reserved 1048576K
Event: 406.017 GC heap after
Heap after GC invocations=39 (full 1):
 PSYoungGen      total 14848K, used 960K [0x00000000d5580000, 0x00000000d6700000, 0x0000000100000000)
  eden space 12800K, 0% used [0x00000000d5580000,0x00000000d5580000,0x00000000d6200000)
  from space 2048K, 46% used [0x00000000d6500000,0x00000000d65f0000,0x00000000d6700000)
  to   space 2560K, 0% used [0x00000000d6200000,0x00000000d6200000,0x00000000d6480000)
 ParOldGen       total 16896K, used 13102K [0x0000000080000000, 0x0000000081080000, 0x00000000d5580000)
  object space 16896K, 77% used [0x0000000080000000,0x0000000080ccbbe0,0x0000000081080000)
 Metaspace       used 33730K, capacity 34792K, committed 34944K, reserved 1079296K
  class space    used 4612K, capacity 4865K, committed 4992K, reserved 1048576K
}
Event: 441.362 GC heap before
{Heap before GC invocations=40 (full 1):
 PSYoungGen      total 14848K, used 12716K [0x00000000d5580000, 0x00000000d6700000, 0x0000000100000000)
  eden space 12800K, 91% used [0x00000000d5580000,0x00000000d60fb068,0x00000000d6200000)
  from space 2048K, 46% used [0x00000000d6500000,0x00000000d65f0000,0x00000000d6700000)
  to   space 2560K, 0% used [0x00000000d6200000,0x00000000d6200000,0x00000000d6480000)
 ParOldGen       total 16896K, used 13102K [0x0000000080000000, 0x0000000081080000, 0x00000000d5580000)
  object space 16896K, 77% used [0x0000000080000000,0x0000000080ccbbe0,0x0000000081080000)
 Metaspace       used 34266K, capacity 35392K, committed 35416K, reserved 1079296K
  class space    used 4705K, capacity 4973K, committed 4992K, reserved 1048576K
Event: 441.387 GC heap after
Heap after GC invocations=40 (full 1):
 PSYoungGen      total 15360K, used 833K [0x00000000d5580000, 0x00000000d6700000, 0x0000000100000000)
  eden space 12800K, 0% used [0x00000000d5580000,0x00000000d5580000,0x00000000d6200000)
  from space 2560K, 32% used [0x00000000d6200000,0x00000000d62d0480,0x00000000d6480000)
  to   space 2560K, 0% used [0x00000000d6480000,0x00000000d6480000,0x00000000d6700000)
 ParOldGen       total 16896K, used 13566K [0x0000000080000000, 0x0000000081080000, 0x00000000d5580000)
  object space 16896K, 80% used [0x0000000080000000,0x0000000080d3fbe0,0x0000000081080000)
 Metaspace       used 34266K, capacity 35392K, committed 35416K, reserved 1079296K
  class space    used 4705K, capacity 4973K, committed 4992K, reserved 1048576K
}
Event: 441.533 GC heap before
{Heap before GC invocations=41 (full 2):
 PSYoungGen      total 15360K, used 833K [0x00000000d5580000, 0x00000000d6700000, 0x0000000100000000)
  eden space 12800K, 0% used [0x00000000d5580000,0x00000000d5580000,0x00000000d6200000)
  from space 2560K, 32% used [0x00000000d6200000,0x00000000d62d0480,0x00000000d6480000)
  to   space 2560K, 0% used [0x00000000d6480000,0x00000000d6480000,0x00000000d6700000)
 ParOldGen       total 16896K, used 13566K [0x0000000080000000, 0x0000000081080000, 0x00000000d5580000)
  object space 16896K, 80% used [0x0000000080000000,0x0000000080d3fbe0,0x0000000081080000)
 Metaspace       used 34266K, capacity 35392K, committed 35416K, reserved 1079296K
  class space    used 4705K, capacity 4973K, committed 4992K, reserved 1048576K
Event: 460.611 GC heap after
Heap after GC invocations=41 (full 2):
 PSYoungGen      total 15360K, used 0K [0x00000000d5580000, 0x00000000d6700000, 0x0000000100000000)
  eden space 12800K, 0% used [0x00000000d5580000,0x00000000d5580000,0x00000000d6200000)
  from space 2560K, 0% used [0x00000000d6200000,0x00000000d6200000,0x00000000d6480000)
  to   space 2560K, 0% used [0x00000000d6480000,0x00000000d6480000,0x00000000d6700000)
 ParOldGen       total 32256K, used 13779K [0x0000000080000000, 0x0000000081f80000, 0x00000000d5580000)
  object space 32256K, 42% used [0x0000000080000000,0x0000000080d74cb8,0x0000000081f80000)
 Metaspace       used 34266K, capacity 35392K, committed 35416K, reserved 1079296K
  class space    used 4705K, capacity 4973K, committed 4992K, reserved 1048576K
}

